ERROR StackTrace - Full Stack Trace:
org.grails.taglib.GrailsTagException: [views/index.gsp:194] Grails tag [asset:image] was not closed
	at org.grails.gsp.compiler.GroovyPageParser.endTag(GroovyPageParser.java:957) ~[grails-gsp-3.1.0.RC1.jar:3.1.0.RC1]
	at org.grails.gsp.compiler.GroovyPageParser.page(GroovyPageParser.java:818) ~[grails-gsp-3.1.0.RC1.jar:3.1.0.RC1]
	at org.grails.gsp.compiler.GroovyPageParser.generateGsp(GroovyPageParser.java:376) ~[grails-gsp-3.1.0.RC1.jar:3.1.0.RC1]
	at org.grails.gsp.compiler.GroovyPageParser.parse(GroovyPageParser.java:332) ~[grails-gsp-3.1.0.RC1.jar:3.1.0.RC1]
	at org.grails.gsp.GroovyPagesTemplateEngine.buildPageMetaInfo(GroovyPagesTemplateEngine.java:549) ~[grails-gsp-3.1.0.RC1.jar:3.1.0.RC1]
	at org.grails.gsp.GroovyPagesTemplateEngine.buildPageMetaInfo(GroovyPagesTemplateEngine.java:446) ~[grails-gsp-3.1.0.RC1.jar:3.1.0.RC1]
	at org.grails.gsp.GroovyPagesTemplateEngine$GroovyPagesTemplateEngineCacheEntry.updateValue(GroovyPagesTemplateEngine.java:136) ~[grails-gsp-3.1.0.RC1.jar:3.1.0.RC1]
	at org.grails.gsp.GroovyPagesTemplateEngine$GroovyPagesTemplateEngineCacheEntry.updateValue(GroovyPagesTemplateEngine.java:115) ~[grails-gsp-3.1.0.RC1.jar:3.1.0.RC1]
	at grails.util.CacheEntry.getValue(CacheEntry.java:144) ~[grails-core-3.1.0.RC1.jar:3.1.0.RC1]
	at grails.util.CacheEntry.getValue(CacheEntry.java:84) ~[grails-core-3.1.0.RC1.jar:3.1.0.RC1]
	at org.grails.gsp.GroovyPagesTemplateEngine.createTemplate(GroovyPagesTemplateEngine.java:282) ~[grails-gsp-3.1.0.RC1.jar:3.1.0.RC1]
	at org.grails.gsp.GroovyPagesTemplateEngine.createTemplate(GroovyPagesTemplateEngine.java:272) ~[grails-gsp-3.1.0.RC1.jar:3.1.0.RC1]
	at org.grails.gsp.GroovyPagesTemplateEngine.createTemplate(GroovyPagesTemplateEngine.java:374) ~[grails-gsp-3.1.0.RC1.jar:3.1.0.RC1]
	at org.grails.web.servlet.view.GroovyPageView.initTemplate(GroovyPageView.java:178) ~[grails-web-gsp-3.1.0.RC1.jar:3.1.0.RC1]
	at org.grails.web.servlet.view.GroovyPageView.afterPropertiesSet(GroovyPageView.java:167) ~[grails-web-gsp-3.1.0.RC1.jar:3.1.0.RC1]
	at org.grails.web.servlet.view.GroovyPageViewResolver.createGroovyPageView(GroovyPageViewResolver.java:210) [grails-web-gsp-3.1.0.RC1.jar:3.1.0.RC1]
	at org.grails.web.servlet.view.GroovyPageViewResolver.createGrailsView(GroovyPageViewResolver.java:192) [grails-web-gsp-3.1.0.RC1.jar:3.1.0.RC1]
	at org.grails.web.servlet.view.GroovyPageViewResolver.loadView(GroovyPageViewResolver.java:97) [grails-web-gsp-3.1.0.RC1.jar:3.1.0.RC1]
	at grails.plugin.scaffolding.ScaffoldingViewResolver.loadView(ScaffoldingViewResolver.groovy:36) [scaffolding-3.1.2.jar:na]
	at org.springframework.web.servlet.view.AbstractCachingViewResolver.createView(AbstractCachingViewResolver.java:244) [spring-webmvc-4.2.4.RELEASE.jar:4.2.4.RELEASE]
	at org.springframework.web.servlet.view.UrlBasedViewResolver.createView(UrlBasedViewResolver.java:446) [spring-webmvc-4.2.4.RELEASE.jar:4.2.4.RELEASE]
	at org.springframework.web.servlet.view.AbstractCachingViewResolver.resolveViewName(AbstractCachingViewResolver.java:146) [spring-webmvc-4.2.4.RELEASE.jar:4.2.4.RELEASE]
	at org.grails.web.servlet.view.GroovyPageViewResolver.resolveViewName(GroovyPageViewResolver.java:86) [grails-web-gsp-3.1.0.RC1.jar:3.1.0.RC1]
	at org.grails.web.servlet.view.GrailsLayoutViewResolver.resolveViewName(GrailsLayoutViewResolver.java:50) [grails-web-gsp-3.1.0.RC1.jar:3.1.0.RC1]
	at org.springframework.web.servlet.DispatcherServlet.resolveViewName(DispatcherServlet.java:1282) [spring-webmvc-4.2.4.RELEASE.jar:4.2.4.RELEASE]
	at org.springframework.web.servlet.DispatcherServlet.render(DispatcherServlet.java:1223) [spring-webmvc-4.2.4.RELEASE.jar:4.2.4.RELEASE]
	at org.springframework.web.servlet.DispatcherServlet.processDispatchResult(DispatcherServlet.java:1027) [spring-webmvc-4.2.4.RELEASE.jar:4.2.4.RELEASE]
	at org.springframework.web.servlet.DispatcherServlet.doDispatch(DispatcherServlet.java:971) [spring-webmvc-4.2.4.RELEASE.jar:4.2.4.RELEASE]
	at org.springframework.web.servlet.DispatcherServlet.doService(DispatcherServlet.java:893) [spring-webmvc-4.2.4.RELEASE.jar:4.2.4.RELEASE]
	at org.springframework.web.servlet.FrameworkServlet.processRequest(FrameworkServlet.java:969) [spring-webmvc-4.2.4.RELEASE.jar:4.2.4.RELEASE]
	at org.springframework.web.servlet.FrameworkServlet.doGet(FrameworkServlet.java:860) [spring-webmvc-4.2.4.RELEASE.jar:4.2.4.RELEASE]
	at javax.servlet.http.HttpServlet.service(HttpServlet.java:622) [tomcat-embed-core-8.0.30.jar:8.0.30]
	at org.springframework.web.servlet.FrameworkServlet.service(FrameworkServlet.java:845) [spring-webmvc-4.2.4.RELEASE.jar:4.2.4.RELEASE]
	at javax.servlet.http.HttpServlet.service(HttpServlet.java:729) [tomcat-embed-core-8.0.30.jar:8.0.30]
	at org.apache.catalina.core.ApplicationFilterChain.internalDoFilter(ApplicationFilterChain.java:291) [tomcat-embed-core-8.0.30.jar:8.0.30]
	at org.apache.catalina.core.ApplicationFilterChain.doFilter(ApplicationFilterChain.java:206) [tomcat-embed-core-8.0.30.jar:8.0.30]
	at org.apache.tomcat.websocket.server.WsFilter.doFilter(WsFilter.java:52) [tomcat-embed-websocket-8.0.30.jar:8.0.30]
	at org.apache.catalina.core.ApplicationFilterChain.internalDoFilter(ApplicationFilterChain.java:239) [tomcat-embed-core-8.0.30.jar:8.0.30]
	at org.apache.catalina.core.ApplicationFilterChain.doFilter(ApplicationFilterChain.java:206) [tomcat-embed-core-8.0.30.jar:8.0.30]
	at org.springframework.boot.actuate.autoconfigure.EndpointWebMvcAutoConfiguration$ApplicationContextHeaderFilter.doFilterInternal(EndpointWebMvcAutoConfiguration.java:243) [spring-boot-actuator-1.3.1.RELEASE.jar:1.3.1.RELEASE]
	at org.springframework.web.filter.OncePerRequestFilter.doFilter(OncePerRequestFilter.java:107) [spring-web-4.2.4.RELEASE.jar:4.2.4.RELEASE]
	at org.apache.catalina.core.ApplicationFilterChain.internalDoFilter(ApplicationFilterChain.java:239) [tomcat-embed-core-8.0.30.jar:8.0.30]
	at org.apache.catalina.core.ApplicationFilterChain.doFilter(ApplicationFilterChain.java:206) [tomcat-embed-core-8.0.30.jar:8.0.30]
	at org.springframework.boot.actuate.trace.WebRequestTraceFilter.doFilterInternal(WebRequestTraceFilter.java:111) [spring-boot-actuator-1.3.1.RELEASE.jar:1.3.1.RELEASE]
	at org.springframework.web.filter.OncePerRequestFilter.doFilter(OncePerRequestFilter.java:107) [spring-web-4.2.4.RELEASE.jar:4.2.4.RELEASE]
	at org.apache.catalina.core.ApplicationFilterChain.internalDoFilter(ApplicationFilterChain.java:239) [tomcat-embed-core-8.0.30.jar:8.0.30]
	at org.apache.catalina.core.ApplicationFilterChain.doFilter(ApplicationFilterChain.java:206) [tomcat-embed-core-8.0.30.jar:8.0.30]
	at org.grails.web.servlet.mvc.GrailsWebRequestFilter.doFilterInternal(GrailsWebRequestFilter.java:73) [grails-web-mvc-3.1.0.RC1.jar:3.1.0.RC1]
	at org.springframework.web.filter.OncePerRequestFilter.doFilter(OncePerRequestFilter.java:107) [spring-web-4.2.4.RELEASE.jar:4.2.4.RELEASE]
	at org.apache.catalina.core.ApplicationFilterChain.internalDoFilter(ApplicationFilterChain.java:239) [tomcat-embed-core-8.0.30.jar:8.0.30]
	at org.apache.catalina.core.ApplicationFilterChain.doFilter(ApplicationFilterChain.java:206) [tomcat-embed-core-8.0.30.jar:8.0.30]
	at org.grails.web.filters.HiddenHttpMethodFilter.doFilterInternal(HiddenHttpMethodFilter.java:67) [grails-web-mvc-3.1.0.RC1.jar:3.1.0.RC1]
	at org.springframework.web.filter.OncePerRequestFilter.doFilter(OncePerRequestFilter.java:107) [spring-web-4.2.4.RELEASE.jar:4.2.4.RELEASE]
	at org.apache.catalina.core.ApplicationFilterChain.internalDoFilter(ApplicationFilterChain.java:239) [tomcat-embed-core-8.0.30.jar:8.0.30]
	at org.apache.catalina.core.ApplicationFilterChain.doFilter(ApplicationFilterChain.java:206) [tomcat-embed-core-8.0.30.jar:8.0.30]
	at org.springframework.web.filter.CharacterEncodingFilter.doFilterInternal(CharacterEncodingFilter.java:121) [spring-web-4.2.4.RELEASE.jar:4.2.4.RELEASE]
	at org.springframework.web.filter.OncePerRequestFilter.doFilter(OncePerRequestFilter.java:107) [spring-web-4.2.4.RELEASE.jar:4.2.4.RELEASE]
	at org.apache.catalina.core.ApplicationFilterChain.internalDoFilter(ApplicationFilterChain.java:239) [tomcat-embed-core-8.0.30.jar:8.0.30]
	at org.apache.catalina.core.ApplicationFilterChain.doFilter(ApplicationFilterChain.java:206) [tomcat-embed-core-8.0.30.jar:8.0.30]
	at org.springframework.boot.actuate.autoconfigure.MetricsFilter.doFilterInternal(MetricsFilter.java:103) [spring-boot-actuator-1.3.1.RELEASE.jar:1.3.1.RELEASE]
	at org.springframework.web.filter.OncePerRequestFilter.doFilter(OncePerRequestFilter.java:107) [spring-web-4.2.4.RELEASE.jar:4.2.4.RELEASE]
	at org.apache.catalina.core.ApplicationFilterChain.internalDoFilter(ApplicationFilterChain.java:239) [tomcat-embed-core-8.0.30.jar:8.0.30]
	at org.apache.catalina.core.ApplicationFilterChain.doFilter(ApplicationFilterChain.java:206) [tomcat-embed-core-8.0.30.jar:8.0.30]
	at org.apache.catalina.core.StandardWrapperValve.invoke(StandardWrapperValve.java:212) [tomcat-embed-core-8.0.30.jar:8.0.30]
	at org.apache.catalina.core.StandardContextValve.invoke(StandardContextValve.java:106) [tomcat-embed-core-8.0.30.jar:8.0.30]
	at org.apache.catalina.authenticator.AuthenticatorBase.invoke(AuthenticatorBase.java:502) [tomcat-embed-core-8.0.30.jar:8.0.30]
	at org.apache.catalina.core.StandardHostValve.invoke(StandardHostValve.java:141) [tomcat-embed-core-8.0.30.jar:8.0.30]
	at org.apache.catalina.valves.ErrorReportValve.invoke(ErrorReportValve.java:79) [tomcat-embed-core-8.0.30.jar:8.0.30]
	at org.apache.catalina.core.StandardEngineValve.invoke(StandardEngineValve.java:88) [tomcat-embed-core-8.0.30.jar:8.0.30]
	at org.apache.catalina.connector.CoyoteAdapter.service(CoyoteAdapter.java:521) [tomcat-embed-core-8.0.30.jar:8.0.30]
	at org.apache.coyote.http11.AbstractHttp11Processor.process(AbstractHttp11Processor.java:1096) [tomcat-embed-core-8.0.30.jar:8.0.30]
	at org.apache.coyote.AbstractProtocol$AbstractConnectionHandler.process(AbstractProtocol.java:674) [tomcat-embed-core-8.0.30.jar:8.0.30]
	at org.apache.tomcat.util.net.NioEndpoint$SocketProcessor.doRun(NioEndpoint.java:1500) [tomcat-embed-core-8.0.30.jar:8.0.30]
	at org.apache.tomcat.util.net.NioEndpoint$SocketProcessor.run(NioEndpoint.java:1456) [tomcat-embed-core-8.0.30.jar:8.0.30]
	at java.util.concurrent.ThreadPoolExecutor.runWorker(ThreadPoolExecutor.java:1142) [na:1.8.0_31]
	at java.util.concurrent.ThreadPoolExecutor$Worker.run(ThreadPoolExecutor.java:617) [na:1.8.0_31]
	at org.apache.tomcat.util.threads.TaskThread$WrappingRunnable.run(TaskThread.java:61) [tomcat-embed-core-8.0.30.jar:8.0.30]
	at java.lang.Thread.run(Thread.java:745) [na:1.8.0_31]
ERROR StackTrace - Full Stack Trace:
org.grails.taglib.GrailsTagException: [views/index.gsp:194] Grails tag [asset:image] was not closed
	at grails.util.CacheEntry.getValue(CacheEntry.java:144) ~[grails-core-3.1.0.RC1.jar:3.1.0.RC1]
	at grails.util.CacheEntry.getValue(CacheEntry.java:84) ~[grails-core-3.1.0.RC1.jar:3.1.0.RC1]
	at grails.plugin.scaffolding.ScaffoldingViewResolver.loadView(ScaffoldingViewResolver.groovy:36) ~[scaffolding-3.1.2.jar:na]
	at java.util.concurrent.ThreadPoolExecutor.runWorker(ThreadPoolExecutor.java:1142) ~[na:1.8.0_31]
	at java.util.concurrent.ThreadPoolExecutor$Worker.run(ThreadPoolExecutor.java:617) ~[na:1.8.0_31]
	at java.lang.Thread.run(Thread.java:745) [na:1.8.0_31]
